The target system is: Generic - 2.4.0 - riscv
The host system is: Linux - 5.15.90.1-microsoft-standard-WSL2 - x86_64
Compiling the C compiler identification source file "CMakeCCompilerId.c" succeeded.
Compiler: /root/zephyr-sdk-0.12.4/riscv64-zephyr-elf/bin/riscv64-zephyr-elf-gcc 
Build flags: 
Id flags:  

The output was:
0


Compilation of the C compiler identification source "CMakeCCompilerId.c" produced "a.out"

The C compiler identification is GNU, found in "/root/RVfpgaSoC/Labs/LabProjects/SweRVolf/zephyr/samples/philosophers/build/CMakeFiles/3.22.1/CompilerIdC/a.out"

Compiling the CXX compiler identification source file "CMakeCXXCompilerId.cpp" succeeded.
Compiler: /root/zephyr-sdk-0.12.4/riscv64-zephyr-elf/bin/riscv64-zephyr-elf-g++ 
Build flags: 
Id flags:  

The output was:
0


Compilation of the CXX compiler identification source "CMakeCXXCompilerId.cpp" produced "a.out"

The CXX compiler identification is GNU, found in "/root/RVfpgaSoC/Labs/LabProjects/SweRVolf/zephyr/samples/philosophers/build/CMakeFiles/3.22.1/CompilerIdCXX/a.out"

Checking whether the ASM compiler is GNU using "--version" matched "(GNU assembler)|(GCC)|(Free Software Foundation)":
riscv64-zephyr-elf-gcc (crosstool-NG 1.24.0.212_d7da3a9) 10.2.0
Copyright (C) 2020 Free Software Foundation, Inc.
This is free software; see the source for copying conditions.  There is NO
warranty; not even for MERCHANTABILITY or FITNESS FOR A PARTICULAR PURPOSE.

Performing C SOURCE FILE Test check_fmacro_prefix_map__root_RVfpgaSoC_Labs_LabProjects_SweRVolf_zephyr_samples_philosophers_CMAKE_SOURCE_DIR_C__nostartfiles__nostdlib__isystem___root_zephyr_sdk_0_12_4_riscv64_zephyr_elf_bin____lib_gcc_riscv64_zephyr_elf_10_2_0_include___isystem___root_zephyr_sdk_0_12_4_riscv64_zephyr_elf_bin____lib_gcc_riscv64_zephyr_elf_10_2_0_include_fixed___Wl___unresolved_symbols_ignore_in_object_files__Wl___entry_0 succeeded with the following output:
Change Dir: /root/RVfpgaSoC/Labs/LabProjects/SweRVolf/zephyr/samples/philosophers/build/CMakeFiles/CMakeTmp

Run Build Command(s):/usr/bin/ninja cmTC_fda39 && [1/2] Building C object CMakeFiles/cmTC_fda39.dir/src.c.obj
[2/2] Linking C executable cmTC_fda39


Source file was:
int main(void) { return 0; }
